This is pdfTeX, Version 3.14159265-2.6-1.40.17 (MiKTeX 2.9.6210 64-bit) (preloaded format=pdflatex 2017.1.27)  27 JAN 2017 19:21
entering extended mode
**./vzorec_dip_Seminar.tex
(vzorec_dip_Seminar.tex
LaTeX2e <2016/03/31> patch level 3
Babel <3.9r> and hyphenation patterns for 75 language(s) loaded.
("C:\Program Files\MiKTeX 2.9\tex\latex\base\book.cls"
Document Class: book 2014/09/29 v1.4h Standard LaTeX document class
("C:\Program Files\MiKTeX 2.9\tex\latex\base\bk12.clo"
File: bk12.clo 2014/09/29 v1.4h Standard LaTeX file (size option)
)
\c@part=\count79
\c@chapter=\count80
\c@section=\count81
\c@subsection=\count82
\c@subsubsection=\count83
\c@paragraph=\count84
\c@subparagraph=\count85
\c@figure=\count86
\c@table=\count87
\abovecaptionskip=\skip41
\belowcaptionskip=\skip42
\bibindent=\dimen102
)
("C:\Program Files\MiKTeX 2.9\tex\latex\base\inputenc.sty"
Package: inputenc 2015/03/17 v1.2c Input encoding file
\inpenc@prehook=\toks14
\inpenc@posthook=\toks15

("C:\Program Files\MiKTeX 2.9\tex\latex\ucs\utf8x.def"
File: utf8x.def 2004/10/17 UCS: Input encoding UTF-8
))
("C:\Program Files\MiKTeX 2.9\tex\latex\ucs\ucs.sty"
Package: ucs 2013/05/11 v2.2 UCS: Unicode input support

("C:\Program Files\MiKTeX 2.9\tex\latex\ucs\uni-global.def"
File: uni-global.def 2013/05/13 UCS: Unicode global data
)
\uc@secondtry=\count88
\uc@combtoks=\toks16
\uc@combtoksb=\toks17
\uc@temptokena=\toks18
)
("C:\Program Files\MiKTeX 2.9\tex\generic\babel\babel.sty"
Package: babel 2016/04/23 3.9r The Babel package

*************************************
* Local config file bblopts.cfg used
*
("C:\Program Files\MiKTeX 2.9\tex\latex\arabi\bblopts.cfg"
File: bblopts.cfg 2005/09/08 v0.1 add Arabic and Farsi to "declared" options of
 babel
)
("C:\Program Files\MiKTeX 2.9\tex\latex\babel-slovenian\slovene.ldf"
Language: slovene 2005/03/31 v1.2m Slovene support from the babel system

("C:\Program Files\MiKTeX 2.9\tex\generic\babel\babel.def"
File: babel.def 2016/04/23 3.9r Babel common definitions
\babel@savecnt=\count89
\U@D=\dimen103
)
Package babel Info: Making " an active character on input line 79.
)
("C:\Program Files\MiKTeX 2.9\tex\latex\babel-english\english.ldf"
Language: english 2012/08/20 v3.3p English support from the babel system
\l@canadian = a dialect from \language\l@american 
\l@australian = a dialect from \language\l@british 
\l@newzealand = a dialect from \language\l@british 
))
("C:\Program Files\MiKTeX 2.9\tex\latex\graphics\graphicx.sty"
Package: graphicx 2014/10/28 v1.0g Enhanced LaTeX Graphics (DPC,SPQR)

("C:\Program Files\MiKTeX 2.9\tex\latex\graphics\keyval.sty"
Package: keyval 2014/10/28 v1.15 key=value parser (DPC)
\KV@toks@=\toks19
)
("C:\Program Files\MiKTeX 2.9\tex\latex\graphics\graphics.sty"
Package: graphics 2016/07/10 v1.0t Standard LaTeX Graphics (DPC,SPQR)

("C:\Program Files\MiKTeX 2.9\tex\latex\graphics\trig.sty"
Package: trig 2016/01/03 v1.10 sin cos tan (DPC)
)
("C:\Program Files\MiKTeX 2.9\tex\latex\graphics-cfg\graphics.cfg"
File: graphics.cfg 2016/06/04 v1.11 sample graphics configuration
)
Package graphics Info: Driver file: pdftex.def on input line 99.

("C:\Program Files\MiKTeX 2.9\tex\latex\graphics-def\pdftex.def"
File: pdftex.def 2016/07/10 v0.06j Graphics/color for pdfTeX

("C:\Program Files\MiKTeX 2.9\tex\generic\oberdiek\infwarerr.sty"
Package: infwarerr 2016/05/16 v1.4 Providing info/warning/error messages (HO)
)
("C:\Program Files\MiKTeX 2.9\tex\generic\oberdiek\ltxcmds.sty"
Package: ltxcmds 2016/05/16 v1.23 LaTeX kernel commands for general use (HO)
)
\Gread@gobject=\count90
))
\Gin@req@height=\dimen104
\Gin@req@width=\dimen105
)
("C:\Program Files\MiKTeX 2.9\tex\latex\fancyhdr\fancyhdr.sty"
Package: fancyhdr 2016/09/06 3.8 Extensive control of page headers and footers
\fancy@headwidth=\skip43
\f@ncyO@elh=\skip44
\f@ncyO@erh=\skip45
\f@ncyO@olh=\skip46
\f@ncyO@orh=\skip47
\f@ncyO@elf=\skip48
\f@ncyO@erf=\skip49
\f@ncyO@olf=\skip50
\f@ncyO@orf=\skip51
)
("C:\Program Files\MiKTeX 2.9\tex\latex\amsfonts\amssymb.sty"
Package: amssymb 2013/01/14 v3.01 AMS font symbols

("C:\Program Files\MiKTeX 2.9\tex\latex\amsfonts\amsfonts.sty"
Package: amsfonts 2013/01/14 v3.01 Basic AMSFonts support
\@emptytoks=\toks20
\symAMSa=\mathgroup4
\symAMSb=\mathgroup5
LaTeX Font Info:    Overwriting math alphabet `\mathfrak' in version `bold'
(Font)                  U/euf/m/n --> U/euf/b/n on input line 106.
))
("C:\Program Files\MiKTeX 2.9\tex\latex\amsmath\amsmath.sty"
Package: amsmath 2016/06/28 v2.15d AMS math features
\@mathmargin=\skip52

For additional information on amsmath, use the `?' option.
("C:\Program Files\MiKTeX 2.9\tex\latex\amsmath\amstext.sty"
Package: amstext 2000/06/29 v2.01 AMS text

("C:\Program Files\MiKTeX 2.9\tex\latex\amsmath\amsgen.sty"
File: amsgen.sty 1999/11/30 v2.0 generic functions
\@emptytoks=\toks21
\ex@=\dimen106
))
("C:\Program Files\MiKTeX 2.9\tex\latex\amsmath\amsbsy.sty"
Package: amsbsy 1999/11/29 v1.2d Bold Symbols
\pmbraise@=\dimen107
)
("C:\Program Files\MiKTeX 2.9\tex\latex\amsmath\amsopn.sty"
Package: amsopn 2016/03/08 v2.02 operator names
)
\inf@bad=\count91
LaTeX Info: Redefining \frac on input line 199.
\uproot@=\count92
\leftroot@=\count93
LaTeX Info: Redefining \overline on input line 297.
\classnum@=\count94
\DOTSCASE@=\count95
LaTeX Info: Redefining \ldots on input line 394.
LaTeX Info: Redefining \dots on input line 397.
LaTeX Info: Redefining \cdots on input line 518.
\Mathstrutbox@=\box26
\strutbox@=\box27
\big@size=\dimen108
LaTeX Font Info:    Redeclaring font encoding OML on input line 634.
LaTeX Font Info:    Redeclaring font encoding OMS on input line 635.
\macc@depth=\count96
\c@MaxMatrixCols=\count97
\dotsspace@=\muskip10
\c@parentequation=\count98
\dspbrk@lvl=\count99
\tag@help=\toks22
\row@=\count100
\column@=\count101
\maxfields@=\count102
\andhelp@=\toks23
\eqnshift@=\dimen109
\alignsep@=\dimen110
\tagshift@=\dimen111
\tagwidth@=\dimen112
\totwidth@=\dimen113
\lineht@=\dimen114
\@envbody=\toks24
\multlinegap=\skip53
\multlinetaggap=\skip54
\mathdisplay@stack=\toks25
LaTeX Info: Redefining \[ on input line 2739.
LaTeX Info: Redefining \] on input line 2740.
)
("C:\Program Files\MiKTeX 2.9\tex\latex\url\url.sty"
\Urlmuskip=\muskip11
Package: url 2013/09/16  ver 3.4  Verb mode for urls, etc.
)
("C:\Program Files\MiKTeX 2.9\tex\latex\comment\comment.sty"
\CommentStream=\write3

Excluding comment 'comment')
("C:\Program Files\MiKTeX 2.9\tex\latex\algorithms\algorithm.sty"
Package: algorithm 2009/08/24 v0.1 Document Style `algorithm' - floating enviro
nment

("C:\Program Files\MiKTeX 2.9\tex\latex\float\float.sty"
Package: float 2001/11/08 v1.3d Float enhancements (AL)
\c@float@type=\count103
\float@exts=\toks26
\float@box=\box28
\@float@everytoks=\toks27
\@floatcapt=\box29
)
("C:\Program Files\MiKTeX 2.9\tex\latex\base\ifthen.sty"
Package: ifthen 2014/09/29 v1.1c Standard LaTeX ifthen package (DPC)
)
\@float@every@algorithm=\toks28
\c@algorithm=\count104
)
("C:\Program Files\MiKTeX 2.9\tex\latex\algorithmicx\algpseudocode.sty"
Package: algpseudocode 

("C:\Program Files\MiKTeX 2.9\tex\latex\algorithmicx\algorithmicx.sty"
Package: algorithmicx 2005/04/27 v1.2 Algorithmicx

Document Style algorithmicx 1.2 - a greatly improved `algorithmic' style
\c@ALG@line=\count105
\c@ALG@rem=\count106
\c@ALG@nested=\count107
\ALG@tlm=\skip55
\ALG@thistlm=\skip56
\c@ALG@Lnr=\count108
\c@ALG@blocknr=\count109
\c@ALG@storecount=\count110
\c@ALG@tmpcounter=\count111
\ALG@tmplength=\skip57
)
Document Style - pseudocode environments for use with the `algorithmicx' style
) ("C:\Program Files\MiKTeX 2.9\tex\latex\hyperref\hyperref.sty"
Package: hyperref 2016/06/24 v6.83q Hypertext links for LaTeX

("C:\Program Files\MiKTeX 2.9\tex\generic\oberdiek\hobsub-hyperref.sty"
Package: hobsub-hyperref 2016/05/16 v1.14 Bundle oberdiek, subset hyperref (HO)


("C:\Program Files\MiKTeX 2.9\tex\generic\oberdiek\hobsub-generic.sty"
Package: hobsub-generic 2016/05/16 v1.14 Bundle oberdiek, subset generic (HO)
Package: hobsub 2016/05/16 v1.14 Construct package bundles (HO)
Package hobsub Info: Skipping package `infwarerr' (already loaded).
Package hobsub Info: Skipping package `ltxcmds' (already loaded).
Package: ifluatex 2016/05/16 v1.4 Provides the ifluatex switch (HO)
Package ifluatex Info: LuaTeX not detected.
Package: ifvtex 2016/05/16 v1.6 Detect VTeX and its facilities (HO)
Package ifvtex Info: VTeX not detected.
Package: intcalc 2016/05/16 v1.2 Expandable calculations with integers (HO)
Package: ifpdf 2016/05/14 v3.1 Provides the ifpdf switch
Package: etexcmds 2016/05/16 v1.6 Avoid name clashes with e-TeX commands (HO)
Package etexcmds Info: Could not find \expanded.
(etexcmds)             That can mean that you are not using pdfTeX 1.50 or
(etexcmds)             that some package has redefined \expanded.
(etexcmds)             In the latter case, load this package earlier.
Package: kvsetkeys 2016/05/16 v1.17 Key value parser (HO)
Package: kvdefinekeys 2016/05/16 v1.4 Define keys (HO)
Package: pdftexcmds 2016/05/21 v0.22 Utility functions of pdfTeX for LuaTeX (HO
)
Package pdftexcmds Info: LuaTeX not detected.
Package pdftexcmds Info: \pdf@primitive is available.
Package pdftexcmds Info: \pdf@ifprimitive is available.
Package pdftexcmds Info: \pdfdraftmode found.
Package: pdfescape 2016/05/16 v1.14 Implements pdfTeX's escape features (HO)
Package: bigintcalc 2016/05/16 v1.4 Expandable calculations on big integers (HO
)
Package: bitset 2016/05/16 v1.2 Handle bit-vector datatype (HO)
Package: uniquecounter 2016/05/16 v1.3 Provide unlimited unique counter (HO)
)
Package hobsub Info: Skipping package `hobsub' (already loaded).
Package: letltxmacro 2016/05/16 v1.5 Let assignment for LaTeX macros (HO)
Package: hopatch 2016/05/16 v1.3 Wrapper for package hooks (HO)
Package: xcolor-patch 2016/05/16 xcolor patch
Package: atveryend 2016/05/16 v1.9 Hooks at the very end of document (HO)
Package atveryend Info: \enddocument detected (standard20110627).
Package: atbegshi 2016/06/09 v1.18 At begin shipout hook (HO)
Package: refcount 2016/05/16 v3.5 Data extraction from label references (HO)
Package: hycolor 2016/05/16 v1.8 Color options for hyperref/bookmark (HO)
)
("C:\Program Files\MiKTeX 2.9\tex\generic\ifxetex\ifxetex.sty"
Package: ifxetex 2010/09/12 v0.6 Provides ifxetex conditional
)
("C:\Program Files\MiKTeX 2.9\tex\latex\oberdiek\auxhook.sty"
Package: auxhook 2016/05/16 v1.4 Hooks for auxiliary files (HO)
)
("C:\Program Files\MiKTeX 2.9\tex\latex\oberdiek\kvoptions.sty"
Package: kvoptions 2016/05/16 v3.12 Key value format for package options (HO)
)
\@linkdim=\dimen115
\Hy@linkcounter=\count112
\Hy@pagecounter=\count113

("C:\Program Files\MiKTeX 2.9\tex\latex\hyperref\pd1enc.def"
File: pd1enc.def 2016/06/24 v6.83q Hyperref: PDFDocEncoding definition (HO)
)
\Hy@SavedSpaceFactor=\count114

("C:\Program Files\MiKTeX 2.9\tex\latex\00miktex\hyperref.cfg"
File: hyperref.cfg 2002/06/06 v1.2 hyperref configuration of TeXLive
)
Package hyperref Info: Option `colorlinks' set `true' on input line 4362.
Package hyperref Info: Hyper figures OFF on input line 4486.
Package hyperref Info: Link nesting OFF on input line 4491.
Package hyperref Info: Hyper index ON on input line 4494.
Package hyperref Info: Plain pages OFF on input line 4501.
Package hyperref Info: Backreferencing OFF on input line 4506.
Package hyperref Info: Implicit mode ON; LaTeX internals redefined.
Package hyperref Info: Bookmarks ON on input line 4735.
\c@Hy@tempcnt=\count115
LaTeX Info: Redefining \url on input line 5088.
\XeTeXLinkMargin=\dimen116
\Fld@menulength=\count116
\Field@Width=\dimen117
\Fld@charsize=\dimen118
Package hyperref Info: Hyper figures OFF on input line 6342.
Package hyperref Info: Link nesting OFF on input line 6347.
Package hyperref Info: Hyper index ON on input line 6350.
Package hyperref Info: backreferencing OFF on input line 6357.
Package hyperref Info: Link coloring OFF on input line 6362.
Package hyperref Info: Link coloring with OCG OFF on input line 6367.
Package hyperref Info: PDF/A mode OFF on input line 6372.
LaTeX Info: Redefining \ref on input line 6412.
LaTeX Info: Redefining \pageref on input line 6416.
\Hy@abspage=\count117
\c@Item=\count118
\c@Hfootnote=\count119
)

Package hyperref Message: Driver: hpdftex.

("C:\Program Files\MiKTeX 2.9\tex\latex\hyperref\hpdftex.def"
File: hpdftex.def 2016/06/24 v6.83q Hyperref driver for pdfTeX
\Fld@listcount=\count120
\c@bookmark@seq@number=\count121

("C:\Program Files\MiKTeX 2.9\tex\latex\oberdiek\rerunfilecheck.sty"
Package: rerunfilecheck 2016/05/16 v1.8 Rerun checks for auxiliary files (HO)
Package uniquecounter Info: New unique counter `rerunfilecheck' on input line 2
82.
)
\Hy@SectionHShift=\skip58
)
("C:\Program Files\MiKTeX 2.9\tex\latex\graphics\color.sty"
Package: color 2016/07/10 v1.1e Standard LaTeX Color (DPC)

("C:\Program Files\MiKTeX 2.9\tex\latex\graphics-cfg\color.cfg"
File: color.cfg 2016/01/02 v1.6 sample color configuration
)
Package color Info: Driver file: pdftex.def on input line 147.
)
("C:\Program Files\MiKTeX 2.9\tex\latex\soul\soul.sty"
Package: soul 2003/11/17 v2.4 letterspacing/underlining (mf)
\SOUL@word=\toks29
\SOUL@lasttoken=\toks30
\SOUL@cmds=\toks31
\SOUL@buffer=\toks32
\SOUL@token=\toks33
\SOUL@spaceskip=\skip59
\SOUL@ttwidth=\dimen119
\SOUL@uldp=\dimen120
\SOUL@ulht=\dimen121
)
("C:\Program Files\MiKTeX 2.9\tex\latex\ucs\uni-1.def"
File: uni-1.def 2013/05/13 UCS: Unicode data U+0100..U+01FF
)
\c@izrek=\count122
\c@trditev=\count123
\countA=\count124

("C:\Program Files\MiKTeX 2.9\tex\latex\xmpincl\xmpincl.sty"
Package: xmpincl 2008/05/10 v2.2 Include XMP data in pdflatex
)
\xmpinclWrite=\write4
\xmpinclRead=\read1
\openout4 = `pdfa-1b.xmpi'.

<<pdfa-1b.xmpi>>
(vzorec_dip_Seminar.aux)
\openout1 = `vzorec_dip_Seminar.aux'.

LaTeX Font Info:    Checking defaults for OML/cmm/m/it on input line 184.
LaTeX Font Info:    ... okay on input line 184.
LaTeX Font Info:    Checking defaults for T1/cmr/m/n on input line 184.
LaTeX Font Info:    ... okay on input line 184.
LaTeX Font Info:    Checking defaults for OT1/cmr/m/n on input line 184.
LaTeX Font Info:    ... okay on input line 184.
LaTeX Font Info:    Checking defaults for OMS/cmsy/m/n on input line 184.
LaTeX Font Info:    ... okay on input line 184.
LaTeX Font Info:    Checking defaults for OMX/cmex/m/n on input line 184.
LaTeX Font Info:    ... okay on input line 184.
LaTeX Font Info:    Checking defaults for U/cmr/m/n on input line 184.
LaTeX Font Info:    ... okay on input line 184.
LaTeX Font Info:    Checking defaults for PD1/pdf/m/n on input line 184.
LaTeX Font Info:    ... okay on input line 184.
 ("C:\Program Files\MiKTeX 2.9\tex\latex\ucs\ucsencs.def"
File: ucsencs.def 2011/01/21 Fixes to fontencodings LGR, T3
) ("C:\Program Files\MiKTeX 2.9\tex\context\base\supp-pdf.mkii"
[Loading MPS to PDF converter (version 2006.09.02).]
\scratchcounter=\count125
\scratchdimen=\dimen122
\scratchbox=\box30
\nofMPsegments=\count126
\nofMParguments=\count127
\everyMPshowfont=\toks34
\MPscratchCnt=\count128
\MPscratchDim=\dimen123
\MPnumerator=\count129
\makeMPintoPDFobject=\count130
\everyMPtoPDFconversion=\toks35
) ("C:\Program Files\MiKTeX 2.9\tex\latex\oberdiek\epstopdf-base.sty"
Package: epstopdf-base 2016/05/15 v2.6 Base part for package epstopdf

("C:\Program Files\MiKTeX 2.9\tex\latex\oberdiek\grfext.sty"
Package: grfext 2016/05/16 v1.2 Manage graphics extensions (HO)
)
Package epstopdf-base Info: Redefining graphics rule for `.eps' on input line 4
38.
Package grfext Info: Graphics extension search list:
(grfext)             [.png,.pdf,.jpg,.mps,.jpeg,.jbig2,.jb2,.PNG,.PDF,.JPG,.JPE
G,.JBIG2,.JB2,.eps]
(grfext)             \AppendGraphicsExtensions on input line 456.
)
\AtBeginShipoutBox=\box31
Package hyperref Info: Link coloring OFF on input line 184.

("C:\Program Files\MiKTeX 2.9\tex\latex\hyperref\nameref.sty"
Package: nameref 2016/05/21 v2.44 Cross-referencing by name of section

("C:\Program Files\MiKTeX 2.9\tex\generic\oberdiek\gettitlestring.sty"
Package: gettitlestring 2016/05/16 v1.5 Cleanup title references (HO)
)
\c@section@level=\count131
)
LaTeX Info: Redefining \ref on input line 184.
LaTeX Info: Redefining \pageref on input line 184.
LaTeX Info: Redefining \nameref on input line 184.

(vzorec_dip_Seminar.out) (vzorec_dip_Seminar.out)
\@outlinefile=\write5
\openout5 = `vzorec_dip_Seminar.out'.

Package babel Info: Redefining slovene shorthand "|
(babel)             in language  on input line 215.
Package babel Info: Redefining slovene shorthand "|
(babel)             in language  on input line 215.
 [1


{C:/ProgramData/MiKTeX/2.9/pdftex/config/pdftex.map}]
Package babel Info: Redefining slovene shorthand "|
(babel)             in language  on input line 215.
Package babel Info: Redefining slovene shorthand "|
(babel)             in language  on input line 215.
pdfTeX warning (ext4): destination with the same identifier (name{page.}) has b
een already used, duplicate ignored
<to be read again> 
                   \relax 
l.215 \clearemptydoublepage
                            [2

] (vzorec_dip_Seminar.toc
LaTeX Font Info:    Try loading font information for U+msa on input line 6.

("C:\Program Files\MiKTeX 2.9\tex\latex\amsfonts\umsa.fd"
File: umsa.fd 2013/01/14 v3.01 AMS symbols A
)
LaTeX Font Info:    Try loading font information for U+msb on input line 6.

("C:\Program Files\MiKTeX 2.9\tex\latex\amsfonts\umsb.fd"
File: umsb.fd 2013/01/14 v3.01 AMS symbols B
))
\tf@toc=\write6
\openout6 = `vzorec_dip_Seminar.toc'.

Package babel Info: Redefining slovene shorthand "|
(babel)             in language  on input line 224.
Package babel Info: Redefining slovene shorthand "|
(babel)             in language  on input line 224.
pdfTeX warning (ext4): destination with the same identifier (name{page.}) has b
een already used, duplicate ignored
<to be read again> 
                   \relax 
l.224 \clearemptydoublepage
                            [3

]
Package babel Info: Redefining slovene shorthand "|
(babel)             in language  on input line 224.
Package babel Info: Redefining slovene shorthand "|
(babel)             in language  on input line 224.
pdfTeX warning (ext4): destination with the same identifier (name{page.}) has b
een already used, duplicate ignored
<to be read again> 
                   \relax 
l.224 \clearemptydoublepage
                            [4

]
Package babel Info: Redefining slovene shorthand "|
(babel)             in language  on input line 228.
Package babel Info: Redefining slovene shorthand "|
(babel)             in language  on input line 243.
Package babel Info: Redefining slovene shorthand "|
(babel)             in language  on input line 243.
pdfTeX warning (ext4): destination with the same identifier (name{page.}) has b
een already used, duplicate ignored
<to be read again> 
                   \relax 
l.243 \clearemptydoublepage
                            [5

]
Package babel Info: Redefining slovene shorthand "|
(babel)             in language  on input line 243.
Package babel Info: Redefining slovene shorthand "|
(babel)             in language  on input line 243.
pdfTeX warning (ext4): destination with the same identifier (name{page.}) has b
een already used, duplicate ignored
<to be read again> 
                   \relax 
l.243 \clearemptydoublepage
                            [6

]
Poglavje 1.
Package babel Info: Redefining slovene shorthand "|
(babel)             in language  on input line 251.

Overfull \hbox (4.92645pt too wide) in paragraph at lines 252--253
\OT1/cmr/m/n/12 Za temo se-mi-nar-ske na-loge pri pred-metu smo si iz-brali si-
mu-la-cijo jate ptic(ang.
 []


Underfull \vbox (badness 2689) has occurred while \output is active []

Package babel Info: Redefining slovene shorthand "|
(babel)             in language  on input line 257.
Package babel Info: Redefining slovene shorthand "|
(babel)             in language  on input line 257.
 [1


]
Package hyperref Info: bookmark level for unknown algorithm defaults to 0 on in
put line 260.

Overfull \hbox (37.18503pt too wide) in paragraph at lines 267--268
[] $\OML/cmm/m/it/12 lokalnePtice \OMS/cmsy/m/n/12  $ \OT1/cmr/m/n/12 poisciLok
alnePtice($\OML/cmm/m/it/12 trenutnoStanje\OT1/cmr/m/n/12 [\OML/cmm/m/it/12 i\O
T1/cmr/m/n/12 ]\OML/cmm/m/it/12 ; trenutnoStanje\OT1/cmr/m/n/12 );$ 
 []


Overfull \hbox (13.62515pt too wide) in paragraph at lines 268--269
[] $\OML/cmm/m/it/12 naslendjeStanje\OT1/cmr/m/n/12 [\OML/cmm/m/it/12 i\OT1/cmr
/m/n/12 ] \OMS/cmsy/m/n/12  $ \OT1/cmr/m/n/12 novoStanje($\OML/cmm/m/it/12 tren
utnoStanje\OT1/cmr/m/n/12 [\OML/cmm/m/it/12 i\OT1/cmr/m/n/12 ]\OML/cmm/m/it/12 
; lokalnePtice\OT1/cmr/m/n/12 );$ 
 []

Package babel Info: Redefining slovene shorthand "|
(babel)             in language  on input line 276.
Package babel Info: Redefining slovene shorthand "|
(babel)             in language  on input line 276.
[2]
Poglavje 2.
Package babel Info: Redefining slovene shorthand "|
(babel)             in language  on input line 276.
Package babel Info: Redefining slovene shorthand "|
(babel)             in language  on input line 278.
<images/flocking_simulation_demo.png, id=99, 496.85625pt x 278.54062pt>
File: images/flocking_simulation_demo.png Graphic file (type png)

<use images/flocking_simulation_demo.png>
Package pdftex.def Info: images/flocking_simulation_demo.png used on input line
 288.
(pdftex.def)             Requested size: 390.0pt x 218.63786pt.
Package babel Info: Redefining slovene shorthand "|
(babel)             in language  on input line 294.
Package babel Info: Redefining slovene shorthand "|
(babel)             in language  on input line 296.
Package babel Info: Redefining slovene shorthand "|
(babel)             in language  on input line 296.
 [3

]
<images/flocking_simulation_grid.png, id=110, 496.85625pt x 278.54062pt>
File: images/flocking_simulation_grid.png Graphic file (type png)

<use images/flocking_simulation_grid.png>
Package pdftex.def Info: images/flocking_simulation_grid.png used on input line
 300.
(pdftex.def)             Requested size: 390.0pt x 218.63786pt.


LaTeX Warning: No positions in optional float specifier.
               Default added (so using `tbp') on input line 306.

<images/graf_serial_alg.png, id=111, 636.87938pt x 371.13657pt>
File: images/graf_serial_alg.png Graphic file (type png)

<use images/graf_serial_alg.png>
Package pdftex.def Info: images/graf_serial_alg.png used on input line 329.
(pdftex.def)             Requested size: 390.0pt x 227.26508pt.

Overfull \hbox (3.36758pt too wide) in paragraph at lines 344--345
[] $\OML/cmm/m/it/12 naslendjeStanje\OT1/cmr/m/n/12 [\OML/cmm/m/it/12 i\OT1/cmr
/m/n/12 ] \OMS/cmsy/m/n/12  $ \OT1/cmr/m/n/12 novoStanje($\OML/cmm/m/it/12 tren
utnoStanje\OT1/cmr/m/n/12 [\OML/cmm/m/it/12 i\OT1/cmr/m/n/12 ]\OML/cmm/m/it/12 
; mrezaPtic\OT1/cmr/m/n/12 );$ 
 []

Package babel Info: Redefining slovene shorthand "|
(babel)             in language  on input line 352.
Package babel Info: Redefining slovene shorthand "|
(babel)             in language  on input line 352.
[4 <./images/flocking_simulation_demo.png>]
Package babel Info: Redefining slovene shorthand "|
(babel)             in language  on input line 352.
Package babel Info: Redefining slovene shorthand "|
(babel)             in language  on input line 352.
 [5]
Package babel Info: Redefining slovene shorthand "|
(babel)             in language  on input line 352.
Package babel Info: Redefining slovene shorthand "|
(babel)             in language  on input line 352.
 [6 <./images/flocking_simulation_grid.png> <./images/graf_serial_alg.png>]
Poglavje 3.
Package babel Info: Redefining slovene shorthand "|
(babel)             in language  on input line 352.
("C:\Program Files\MiKTeX 2.9\tex\latex\ucs\uni-32.def"
File: uni-32.def 2013/05/13 UCS: Unicode data U+2000..U+20FF
)

LaTeX Warning: No positions in optional float specifier.
               Default added (so using `tbp') on input line 380.

<images/graf_pthreads.png, id=132, 735.49782pt x 417.81094pt>
File: images/graf_pthreads.png Graphic file (type png)

<use images/graf_pthreads.png>
Package pdftex.def Info: images/graf_pthreads.png used on input line 404.
(pdftex.def)             Requested size: 390.0pt x 221.5535pt.
Package babel Info: Redefining slovene shorthand "|
(babel)             in language  on input line 410.
Package babel Info: Redefining slovene shorthand "|
(babel)             in language  on input line 410.
 [7

]
Package babel Info: Redefining slovene shorthand "|
(babel)             in language  on input line 410.
Package babel Info: Redefining slovene shorthand "|
(babel)             in language  on input line 410.
 [8]
Package babel Info: Redefining slovene shorthand "|
(babel)             in language  on input line 410.
Package babel Info: Redefining slovene shorthand "|
(babel)             in language  on input line 410.
 [9 <./images/graf_pthreads.png>]
Package babel Info: Redefining slovene shorthand "|
(babel)             in language  on input line 410.
Package babel Info: Redefining slovene shorthand "|
(babel)             in language  on input line 410.

[10

]
Poglavje 4.
Package babel Info: Redefining slovene shorthand "|
(babel)             in language  on input line 410.

Overfull \hbox (3.36758pt too wide) in paragraph at lines 426--427
[] $\OML/cmm/m/it/12 naslendjeStanje\OT1/cmr/m/n/12 [\OML/cmm/m/it/12 i\OT1/cmr
/m/n/12 ] \OMS/cmsy/m/n/12  $ \OT1/cmr/m/n/12 novoStanje($\OML/cmm/m/it/12 tren
utnoStanje\OT1/cmr/m/n/12 [\OML/cmm/m/it/12 i\OT1/cmr/m/n/12 ]\OML/cmm/m/it/12 
; mrezaPtic\OT1/cmr/m/n/12 );$ 
 []


LaTeX Warning: No positions in optional float specifier.
               Default added (so using `tbp') on input line 434.

<images/graf_openmp.png, id=156, 726.46407pt x 419.31656pt>
File: images/graf_openmp.png Graphic file (type png)

<use images/graf_openmp.png>
Package pdftex.def Info: images/graf_openmp.png used on input line 458.
(pdftex.def)             Requested size: 390.0pt x 225.11592pt.
Package babel Info: Redefining slovene shorthand "|
(babel)             in language  on input line 464.
Package babel Info: Redefining slovene shorthand "|
(babel)             in language  on input line 464.
 [11]
Package babel Info: Redefining slovene shorthand "|
(babel)             in language  on input line 464.
Package babel Info: Redefining slovene shorthand "|
(babel)             in language  on input line 464.
 [12]
Package babel Info: Redefining slovene shorthand "|
(babel)             in language  on input line 464.
Package babel Info: Redefining slovene shorthand "|
(babel)             in language  on input line 464.
 [13 <./images/graf_openmp.png>]
Package babel Info: Redefining slovene shorthand "|
(babel)             in language  on input line 464.
Package babel Info: Redefining slovene shorthand "|
(babel)             in language  on input line 464.
 [14

]
Poglavje 5.
Package babel Info: Redefining slovene shorthand "|
(babel)             in language  on input line 464.

Underfull \vbox (badness 4013) has occurred while \output is active []

Package babel Info: Redefining slovene shorthand "|
(babel)             in language  on input line 469.
Package babel Info: Redefining slovene shorthand "|
(babel)             in language  on input line 469.
 [15]

LaTeX Warning: No positions in optional float specifier.
               Default added (so using `tbp') on input line 487.

<images/graf_opencl.png, id=183, 697.10437pt x 417.81094pt>
File: images/graf_opencl.png Graphic file (type png)

<use images/graf_opencl.png>
Package pdftex.def Info: images/graf_opencl.png used on input line 512.
(pdftex.def)             Requested size: 390.0pt x 233.74939pt.
Package babel Info: Redefining slovene shorthand "|
(babel)             in language  on input line 518.
Package babel Info: Redefining slovene shorthand "|
(babel)             in language  on input line 518.
 [16]
Package babel Info: Redefining slovene shorthand "|
(babel)             in language  on input line 518.
Package babel Info: Redefining slovene shorthand "|
(babel)             in language  on input line 518.
 [17 <./images/graf_opencl.png>]
Package babel Info: Redefining slovene shorthand "|
(babel)             in language  on input line 518.
Package babel Info: Redefining slovene shorthand "|
(babel)             in language  on input line 518.
 [18

]
Poglavje 6.
Package babel Info: Redefining slovene shorthand "|
(babel)             in language  on input line 518.

LaTeX Warning: No positions in optional float specifier.
               Default added (so using `tbp') on input line 522.

<images/graf_mpi.png, id=199, 727.21687pt x 362.10281pt>
File: images/graf_mpi.png Graphic file (type png)

<use images/graf_mpi.png>
Package pdftex.def Info: images/graf_mpi.png used on input line 546.
(pdftex.def)             Requested size: 390.0pt x 194.19548pt.
Package babel Info: Redefining slovene shorthand "|
(babel)             in language  on input line 552.
Package babel Info: Redefining slovene shorthand "|
(babel)             in language  on input line 552.
 [19]
Package babel Info: Redefining slovene shorthand "|
(babel)             in language  on input line 552.
Package babel Info: Redefining slovene shorthand "|
(babel)             in language  on input line 552.
 [20 <./images/graf_mpi.png>]
Package babel Info: Redefining slovene shorthand "|
(babel)             in language  on input line 553.

(vzorec_dip_Seminar.bbl ("C:\Program Files\MiKTeX 2.9\tex\latex\ucs\uni-0.def"
File: uni-0.def 2013/05/13 UCS: Unicode data U+0000..U+00FF
)
Underfull \hbox (badness 2799) in paragraph at lines 33--37
[]\OT1/cmr/m/n/12 Oren Pa-ta-sh-nik.  Bib-TeXing.  Do-se-gljivo: []$\OT1/cmtt/m
/n/12 http : / / bibtexml .
 []

Package babel Info: Redefining slovene shorthand "|
(babel)             in language  on input line 49.
Package babel Info: Redefining slovene shorthand "|
(babel)             in language  on input line 49.
[21


])
Package atveryend Info: Empty hook `BeforeClearDocument' on input line 558.
Package babel Info: Redefining slovene shorthand "|
(babel)             in language  on input line 558.
Package babel Info: Redefining slovene shorthand "|
(babel)             in language  on input line 558.
 [22]
Package atveryend Info: Empty hook `AfterLastShipout' on input line 558.
 (vzorec_dip_Seminar.aux)
Package atveryend Info: Executing hook `AtVeryEndDocument' on input line 558.
Package atveryend Info: Executing hook `AtEndAfterFileList' on input line 558.
Package rerunfilecheck Info: File `vzorec_dip_Seminar.out' has not changed.
(rerunfilecheck)             Checksum: 17384C619A29CFD99AB0E3DAABFBC7B7;640.
Package atveryend Info: Empty hook `AtVeryVeryEnd' on input line 558.
 ) 
Here is how much of TeX's memory you used:
 9220 strings out of 493333
 126929 string characters out of 3139197
 238751 words of memory out of 3000000
 12533 multiletter control sequences out of 15000+200000
 13192 words of font info for 48 fonts, out of 3000000 for 9000
 1141 hyphenation exceptions out of 8191
 31i,12n,43p,1014b,601s stack positions out of 5000i,500n,10000p,200000b,50000s
<C:/Program Files/MiKTeX 2.9/fonts/type1/public/amsfonts/cm/cmbx12.pfb><C:/Pr
ogram Files/MiKTeX 2.9/fonts/type1/public/amsfonts/cm/cmcsc10.pfb><C:/Program F
iles/MiKTeX 2.9/fonts/type1/public/amsfonts/cm/cmmi12.pfb><C:/Program Files/MiK
TeX 2.9/fonts/type1/public/amsfonts/cm/cmr10.pfb><C:/Program Files/MiKTeX 2.9/f
onts/type1/public/amsfonts/cm/cmr12.pfb><C:/Program Files/MiKTeX 2.9/fonts/type
1/public/amsfonts/cm/cmr17.pfb><C:/Program Files/MiKTeX 2.9/fonts/type1/public/
amsfonts/cm/cmr8.pfb><C:/Program Files/MiKTeX 2.9/fonts/type1/public/amsfonts/c
m/cmsl12.pfb><C:/Program Files/MiKTeX 2.9/fonts/type1/public/amsfonts/cm/cmsy10
.pfb><C:/Program Files/MiKTeX 2.9/fonts/type1/public/amsfonts/cm/cmti12.pfb><C:
/Program Files/MiKTeX 2.9/fonts/type1/public/amsfonts/cm/cmtt12.pfb>
Output written on vzorec_dip_Seminar.pdf (28 pages, 306156 bytes).
PDF statistics:
 285 PDF objects out of 1000 (max. 8388607)
 62 named destinations out of 1000 (max. 500000)
 120 words of extra memory for PDF output out of 10000 (max. 10000000)

